<?xml version="1.0" encoding="UTF-8"?>
<!-- Generated by org.testng.reporters.JUnitXMLReporter -->
<testsuite ignored="4" hostname="Kailash" failures="0" tests="1" name="Default test" time="4.009" errors="0" timestamp="2022-02-01T14:20:56 GMT-08:00">
  <testcase classname="com.VideoGameAPITest.VideoGameAPITest" name="updateVideoGame_Put" time="3.947"/>
  <testcase classname="com.VideoGameAPITest.VideoGameAPITest" name="addVideoGame_Post" time="0.0">
    <ignored/>
  </testcase> <!-- addVideoGame_Post -->
  <testcase classname="com.VideoGameAPITest.VideoGameAPITest" name="getVideoGame_Get" time="0.0">
    <ignored/>
  </testcase> <!-- getVideoGame_Get -->
  <testcase classname="com.VideoGameAPITest.VideoGameAPITest" name="deleteVideoGame_delete" time="0.0">
    <ignored/>
  </testcase> <!-- deleteVideoGame_delete -->
  <testcase classname="com.VideoGameAPITest.VideoGameAPITest" name="getAllVideoGames_Get" time="0.0">
    <ignored/>
  </testcase> <!-- getAllVideoGames_Get -->
</testsuite> <!-- Default test -->
