<?xml version="1.0" encoding="UTF-8"?>
<!-- Generated by org.testng.reporters.JUnitXMLReporter -->
<testsuite ignored="0" hostname="Kailash" failures="0" tests="5" name="Test" time="6.508" errors="0" timestamp="2022-01-02T19:54:33 GMT-08:00">
  <testcase classname="com.VideoGameAPITest.VideoGameAPITest" name="getAllVideoGames_Get" time="3.67"/>
  <testcase classname="com.VideoGameAPITest.VideoGameAPITest" name="addVideoGame_Post" time="1.012"/>
  <testcase classname="com.VideoGameAPITest.VideoGameAPITest" name="getVideoGame_Get" time="1.3"/>
  <testcase classname="com.VideoGameAPITest.VideoGameAPITest" name="updateVideoGame_Put" time="0.178"/>
  <testcase classname="com.VideoGameAPITest.VideoGameAPITest" name="deleteVideoGame_delete" time="0.22"/>
</testsuite> <!-- Test -->
