<?xml version="1.0" encoding="UTF-8"?>
<!-- Generated by org.testng.reporters.JUnitXMLReporter -->
<testsuite hostname="Kailash" ignored="0" name="Test" tests="5" failures="0" timestamp="2022-01-02T20:12:33 PST" time="11.078" errors="0">
  <testcase name="getAllVideoGames_Get" time="6.3" classname="com.VideoGameAPITest.VideoGameAPITest"/>
  <testcase name="addVideoGame_Post" time="1.53" classname="com.VideoGameAPITest.VideoGameAPITest"/>
  <testcase name="getVideoGame_Get" time="2.638" classname="com.VideoGameAPITest.VideoGameAPITest"/>
  <testcase name="updateVideoGame_Put" time="0.254" classname="com.VideoGameAPITest.VideoGameAPITest"/>
  <testcase name="deleteVideoGame_delete" time="0.079" classname="com.VideoGameAPITest.VideoGameAPITest"/>
</testsuite> <!-- Test -->
