<?xml version="1.0" encoding="UTF-8"?>
<!-- Generated by org.testng.reporters.JUnitXMLReporter -->
<testsuite hostname="Kailash" ignored="0" name="Test" tests="5" failures="0" timestamp="2022-01-03T12:41:02 PST" time="5.25" errors="0">
  <testcase name="getAllVideoGames_Get" time="2.624" classname="com.VideoGameAPITest.VideoGameAPITest"/>
  <testcase name="addVideoGame_Post" time="1.084" classname="com.VideoGameAPITest.VideoGameAPITest"/>
  <testcase name="getVideoGame_Get" time="1.269" classname="com.VideoGameAPITest.VideoGameAPITest"/>
  <testcase name="updateVideoGame_Put" time="0.135" classname="com.VideoGameAPITest.VideoGameAPITest"/>
  <testcase name="deleteVideoGame_delete" time="0.064" classname="com.VideoGameAPITest.VideoGameAPITest"/>
</testsuite> <!-- Test -->
