<?xml version="1.0" encoding="UTF-8"?>
<testsuite xmlns:xsi="http://www.w3.org/2001/XMLSchema-instance" xsi:noNamespaceSchemaLocation="https://maven.apache.org/surefire/maven-surefire-plugin/xsd/surefire-test-report.xsd" name="TestSuite" time="6.322" tests="5" errors="0" skipped="0" failures="0">
  <properties>
[...]
</properties>
  <testcase name="getAllVideoGames_Get" classname="com.VideoGameAPITest.VideoGameAPITest" time="2.626"/>
  <testcase name="addVideoGame_Post" classname="com.VideoGameAPITest.VideoGameAPITest" time="1.083"/>
  <testcase name="getVideoGame_Get" classname="com.VideoGameAPITest.VideoGameAPITest" time="1.27"/>
  <testcase name="updateVideoGame_Put" classname="com.VideoGameAPITest.VideoGameAPITest" time="0.463"/>
  <testcase name="deleteVideoGame_delete" classname="com.VideoGameAPITest.VideoGameAPITest" time="0.014"/>
</testsuite>