<?xml version="1.0" encoding="UTF-8"?>
<testng-results skipped="0" failed="0" ignored="0" total="5" passed="5">
  <reporter-output>
  </reporter-output>
  <suite name="Suite" duration-ms="5250" started-at="2022-01-03T12:40:57 PST" finished-at="2022-01-03T12:41:02 PST">
    <groups>
    </groups>
    <test name="Test" duration-ms="5250" started-at="2022-01-03T12:40:57 PST" finished-at="2022-01-03T12:41:02 PST">
      <class name="com.VideoGameAPITest.VideoGameAPITest">
        <test-method status="PASS" signature="getAllVideoGames_Get()[pri:1, instance:com.VideoGameAPITest.VideoGameAPITest@1d16f93d]" name="getAllVideoGames_Get" duration-ms="2624" started-at="2022-01-03T12:40:57 PST" finished-at="2022-01-03T12:40:59 PST">
          <reporter-output>
          </reporter-output>
        </test-method> <!-- getAllVideoGames_Get -->
        <test-method status="PASS" signature="addVideoGame_Post()[pri:2, instance:com.VideoGameAPITest.VideoGameAPITest@1d16f93d]" name="addVideoGame_Post" duration-ms="1084" started-at="2022-01-03T12:40:59 PST" finished-at="2022-01-03T12:41:00 PST">
          <reporter-output>
          </reporter-output>
        </test-method> <!-- addVideoGame_Post -->
        <test-method status="PASS" signature="getVideoGame_Get()[pri:3, instance:com.VideoGameAPITest.VideoGameAPITest@1d16f93d]" name="getVideoGame_Get" duration-ms="1269" started-at="2022-01-03T12:41:00 PST" finished-at="2022-01-03T12:41:02 PST">
          <reporter-output>
          </reporter-output>
        </test-method> <!-- getVideoGame_Get -->
        <test-method status="PASS" signature="updateVideoGame_Put()[pri:4, instance:com.VideoGameAPITest.VideoGameAPITest@1d16f93d]" name="updateVideoGame_Put" duration-ms="135" started-at="2022-01-03T12:41:02 PST" finished-at="2022-01-03T12:41:02 PST">
          <reporter-output>
          </reporter-output>
        </test-method> <!-- updateVideoGame_Put -->
        <test-method status="PASS" signature="deleteVideoGame_delete()[pri:5, instance:com.VideoGameAPITest.VideoGameAPITest@1d16f93d]" name="deleteVideoGame_delete" duration-ms="64" started-at="2022-01-03T12:41:02 PST" finished-at="2022-01-03T12:41:02 PST">
          <reporter-output>
          </reporter-output>
        </test-method> <!-- deleteVideoGame_delete -->
      </class> <!-- com.VideoGameAPITest.VideoGameAPITest -->
    </test> <!-- Test -->
  </suite> <!-- Suite -->
</testng-results>
