<?xml version="1.0" encoding="UTF-8"?>
<testng-results ignored="4" total="5" passed="1" failed="0" skipped="0">
  <reporter-output>
  </reporter-output>
  <suite started-at="2022-02-01T14:20:52 GMT-08:00" name="Default suite" finished-at="2022-02-01T14:20:56 GMT-08:00" duration-ms="4009">
    <groups>
    </groups>
    <test started-at="2022-02-01T14:20:52 GMT-08:00" name="Default test" finished-at="2022-02-01T14:20:56 GMT-08:00" duration-ms="4009">
      <class name="com.VideoGameAPITest.VideoGameAPITest">
        <test-method signature="updateVideoGame_Put()[pri:4, instance:com.VideoGameAPITest.VideoGameAPITest@6bedbc4d]" started-at="2022-02-01T14:20:52 GMT-08:00" name="updateVideoGame_Put" finished-at="2022-02-01T14:20:56 GMT-08:00" duration-ms="3947" status="PASS">
          <reporter-output>
          </reporter-output>
        </test-method> <!-- updateVideoGame_Put -->
      </class> <!-- com.VideoGameAPITest.VideoGameAPITest -->
    </test> <!-- Default test -->
  </suite> <!-- Default suite -->
</testng-results>
